<?xml version="1.0" encoding="UTF-8"?>
<testng-results skipped="1" failed="0" total="1" passed="0">
  <reporter-output>
  </reporter-output>
  <suite name="Default suite" duration-ms="0" started-at="2014-10-30T14:17:51Z" finished-at="2014-10-30T14:17:51Z">
    <groups>
    </groups>
    <test name="Default test" duration-ms="0" started-at="2014-10-30T14:17:51Z" finished-at="2014-10-30T14:17:51Z">
      <class name="org.itsector.seamproject.session.CadastroTrechoTest">
        <test-method status="FAIL" signature="startSeam()[pri:0, instance:org.itsector.seamproject.session.CadastroTrechoTest@7c5b0668]" name="startSeam" is-config="true" duration-ms="0" started-at="2014-10-30T14:17:50Z" finished-at="2014-10-30T14:17:50Z">
          <exception class="org.jboss.deployers.client.spi.IncompleteDeploymentException">
            <message>
              <![CDATA[Summary of incomplete deployments (SEE PREVIOUS ERRORS FOR DETAILS):

*** CONTEXTS MISSING DEPENDENCIES: Name -> Dependency{Required State:Actual State}

UserTransactionBinding
 -> UserTransaction{Configured:**ERROR**}

UserTransactionBinding2
 -> UserTransaction{Configured:**ERROR**}


*** CONTEXTS IN ERROR: Name -> Error

SARDeployer -> java.lang.ClassNotFoundException: [Ljava.lang.Class;

ServiceDeploymentDeployer -> java.lang.ClassNotFoundException: [Ljava.lang.Class;

ServiceClassLoaderDeployer -> java.lang.ClassNotFoundException: [Ljava.lang.Class;

BeanDeployer -> java.lang.ClassNotFoundException: [Ljava.lang.Class;

ServiceDeployer -> java.lang.ClassNotFoundException: [Ljava.lang.Class;

BeanMetaDataDeployer -> java.lang.ClassNotFoundException: [Ljava.lang.Class;

UserTransaction -> java.lang.RuntimeException: Unable to locate the transaction manager

KernelDeploymentDeployer -> java.lang.ClassNotFoundException: [Ljava.lang.Class;

]]>
            </message>
            <full-stacktrace>
              <![CDATA[org.jboss.deployers.client.spi.IncompleteDeploymentException: Summary of incomplete deployments (SEE PREVIOUS ERRORS FOR DETAILS):

*** CONTEXTS MISSING DEPENDENCIES: Name -> Dependency{Required State:Actual State}

UserTransactionBinding
 -> UserTransaction{Configured:**ERROR**}

UserTransactionBinding2
 -> UserTransaction{Configured:**ERROR**}


*** CONTEXTS IN ERROR: Name -> Error

SARDeployer -> java.lang.ClassNotFoundException: [Ljava.lang.Class;

ServiceDeploymentDeployer -> java.lang.ClassNotFoundException: [Ljava.lang.Class;

ServiceClassLoaderDeployer -> java.lang.ClassNotFoundException: [Ljava.lang.Class;

BeanDeployer -> java.lang.ClassNotFoundException: [Ljava.lang.Class;

ServiceDeployer -> java.lang.ClassNotFoundException: [Ljava.lang.Class;

BeanMetaDataDeployer -> java.lang.ClassNotFoundException: [Ljava.lang.Class;

UserTransaction -> java.lang.RuntimeException: Unable to locate the transaction manager

KernelDeploymentDeployer -> java.lang.ClassNotFoundException: [Ljava.lang.Class;


	at org.jboss.deployers.plugins.deployers.DeployersImpl.checkComplete(DeployersImpl.java:576)
	at org.jboss.deployers.plugins.main.MainDeployerImpl.checkComplete(MainDeployerImpl.java:559)
	at org.jboss.embedded.Bootstrap.bootstrapURL(Bootstrap.java:149)
	at org.jboss.embedded.Bootstrap.bootstrap(Bootstrap.java:183)
	at org.jboss.embedded.Bootstrap.bootstrap(Bootstrap.java:195)
	at org.jboss.seam.mock.EmbeddedBootstrap.startAndDeployResources(EmbeddedBootstrap.java:11)
	at org.jboss.seam.mock.AbstractSeamTest.startJbossEmbeddedIfNecessary(AbstractSeamTest.java:1034)
	at org.jboss.seam.mock.AbstractSeamTest.startSeam(AbstractSeamTest.java:925)
	at org.jboss.seam.mock.SeamTest.startSeam(SeamTest.java:69)
	at sun.reflect.NativeMethodAccessorImpl.invoke0(Native Method)
	at sun.reflect.NativeMethodAccessorImpl.invoke(NativeMethodAccessorImpl.java:39)
	at sun.reflect.DelegatingMethodAccessorImpl.invoke(DelegatingMethodAccessorImpl.java:25)
	at java.lang.reflect.Method.invoke(Method.java:597)
	at org.testng.internal.MethodInvocationHelper.invokeMethod(MethodInvocationHelper.java:84)
	at org.testng.internal.Invoker.invokeConfigurationMethod(Invoker.java:564)
	at org.testng.internal.Invoker.invokeConfigurations(Invoker.java:213)
	at org.testng.internal.Invoker.invokeConfigurations(Invoker.java:138)
	at org.testng.SuiteRunner.privateRun(SuiteRunner.java:277)
	at org.testng.SuiteRunner.run(SuiteRunner.java:240)
	at org.testng.SuiteRunnerWorker.runSuite(SuiteRunnerWorker.java:52)
	at org.testng.SuiteRunnerWorker.run(SuiteRunnerWorker.java:86)
	at org.testng.TestNG.runSuitesSequentially(TestNG.java:1224)
	at org.testng.TestNG.runSuitesLocally(TestNG.java:1149)
	at org.testng.TestNG.run(TestNG.java:1057)
	at org.testng.remote.RemoteTestNG.run(RemoteTestNG.java:111)
	at org.testng.remote.RemoteTestNG.initAndRun(RemoteTestNG.java:204)
	at org.testng.remote.RemoteTestNG.main(RemoteTestNG.java:175)
]]>
            </full-stacktrace>
          </exception> <!-- org.jboss.deployers.client.spi.IncompleteDeploymentException -->
          <reporter-output>
          </reporter-output>
        </test-method> <!-- startSeam -->
        <test-method status="SKIP" signature="setupClass()[pri:0, instance:org.itsector.seamproject.session.CadastroTrechoTest@7c5b0668]" name="setupClass" is-config="true" duration-ms="0" started-at="2014-10-30T14:17:51Z" finished-at="2014-10-30T14:17:51Z">
          <reporter-output>
          </reporter-output>
        </test-method> <!-- setupClass -->
        <test-method status="SKIP" signature="begin()[pri:0, instance:org.itsector.seamproject.session.CadastroTrechoTest@7c5b0668]" name="begin" is-config="true" duration-ms="0" started-at="2014-10-30T14:17:51Z" finished-at="2014-10-30T14:17:51Z">
          <reporter-output>
          </reporter-output>
        </test-method> <!-- begin -->
        <test-method status="SKIP" signature="end()[pri:0, instance:org.itsector.seamproject.session.CadastroTrechoTest@7c5b0668]" name="end" is-config="true" duration-ms="0" started-at="2014-10-30T14:17:51Z" finished-at="2014-10-30T14:17:51Z">
          <reporter-output>
          </reporter-output>
        </test-method> <!-- end -->
        <test-method status="SKIP" signature="testTrechoPodeSerCadastrado()[pri:0, instance:org.itsector.seamproject.session.CadastroTrechoTest@7c5b0668]" name="testTrechoPodeSerCadastrado" duration-ms="0" started-at="2014-10-30T14:17:51Z" finished-at="2014-10-30T14:17:51Z">
          <reporter-output>
          </reporter-output>
        </test-method> <!-- testTrechoPodeSerCadastrado -->
        <test-method status="SKIP" signature="cleanupClass()[pri:0, instance:org.itsector.seamproject.session.CadastroTrechoTest@7c5b0668]" name="cleanupClass" is-config="true" duration-ms="0" started-at="2014-10-30T14:17:51Z" finished-at="2014-10-30T14:17:51Z">
          <reporter-output>
          </reporter-output>
        </test-method> <!-- cleanupClass -->
        <test-method status="SKIP" signature="stopSeam()[pri:0, instance:org.itsector.seamproject.session.CadastroTrechoTest@7c5b0668]" name="stopSeam" is-config="true" duration-ms="0" started-at="2014-10-30T14:17:51Z" finished-at="2014-10-30T14:17:51Z">
          <reporter-output>
          </reporter-output>
        </test-method> <!-- stopSeam -->
      </class> <!-- org.itsector.seamproject.session.CadastroTrechoTest -->
    </test> <!-- Default test -->
  </suite> <!-- Default suite -->
</testng-results>
