<?xml version="1.0" encoding="UTF-8"?>
<!-- Generated by org.testng.reporters.JUnitXMLReporter -->
<testsuite hostname="ITSDESKTOP-0575" name="Default test" tests="1" failures="0" timestamp="30 Oct 2014 14:17:51 GMT" time="0.0" errors="0">
  <testcase name="@BeforeSuite startSeam" time="0.0" classname="org.itsector.seamproject.session.CadastroTrechoTest">
    <failure type="org.jboss.deployers.client.spi.IncompleteDeploymentException" message="Summary of incomplete deployments (SEE PREVIOUS ERRORS FOR DETAILS):

*** CONTEXTS MISSING DEPENDENCIES: Name -&amp;gt; Dependency{Required State:Actual State}

UserTransactionBinding
 -&amp;gt; UserTransaction{Configured:**ERROR**}

UserTransactionBinding2
 -&amp;gt; UserTransaction{Configured:**ERROR**}


*** CONTEXTS IN ERROR: Name -&amp;gt; Error

SARDeployer -&amp;gt; java.lang.ClassNotFoundException: [Ljava.lang.Class;

ServiceDeploymentDeployer -&amp;gt; java.lang.ClassNotFoundException: [Ljava.lang.Class;

ServiceClassLoaderDeployer -&amp;gt; java.lang.ClassNotFoundException: [Ljava.lang.Class;

BeanDeployer -&amp;gt; java.lang.ClassNotFoundException: [Ljava.lang.Class;

ServiceDeployer -&amp;gt; java.lang.ClassNotFoundException: [Ljava.lang.Class;

BeanMetaDataDeployer -&amp;gt; java.lang.ClassNotFoundException: [Ljava.lang.Class;

UserTransaction -&amp;gt; java.lang.RuntimeException: Unable to locate the transaction manager

KernelDeploymentDeployer -&amp;gt; java.lang.ClassNotFoundException: [Ljava.lang.Class;

">
      <![CDATA[org.jboss.deployers.client.spi.IncompleteDeploymentException: Summary of incomplete deployments (SEE PREVIOUS ERRORS FOR DETAILS):

*** CONTEXTS MISSING DEPENDENCIES: Name -> Dependency{Required State:Actual State}

UserTransactionBinding
 -> UserTransaction{Configured:**ERROR**}

UserTransactionBinding2
 -> UserTransaction{Configured:**ERROR**}


*** CONTEXTS IN ERROR: Name -> Error

SARDeployer -> java.lang.ClassNotFoundException: [Ljava.lang.Class;

ServiceDeploymentDeployer -> java.lang.ClassNotFoundException: [Ljava.lang.Class;

ServiceClassLoaderDeployer -> java.lang.ClassNotFoundException: [Ljava.lang.Class;

BeanDeployer -> java.lang.ClassNotFoundException: [Ljava.lang.Class;

ServiceDeployer -> java.lang.ClassNotFoundException: [Ljava.lang.Class;

BeanMetaDataDeployer -> java.lang.ClassNotFoundException: [Ljava.lang.Class;

UserTransaction -> java.lang.RuntimeException: Unable to locate the transaction manager

KernelDeploymentDeployer -> java.lang.ClassNotFoundException: [Ljava.lang.Class;


	at org.jboss.deployers.plugins.deployers.DeployersImpl.checkComplete(DeployersImpl.java:576)
	at org.jboss.deployers.plugins.main.MainDeployerImpl.checkComplete(MainDeployerImpl.java:559)
	at org.jboss.embedded.Bootstrap.bootstrapURL(Bootstrap.java:149)
	at org.jboss.embedded.Bootstrap.bootstrap(Bootstrap.java:183)
	at org.jboss.embedded.Bootstrap.bootstrap(Bootstrap.java:195)
	at org.jboss.seam.mock.EmbeddedBootstrap.startAndDeployResources(EmbeddedBootstrap.java:11)
	at org.jboss.seam.mock.AbstractSeamTest.startJbossEmbeddedIfNecessary(AbstractSeamTest.java:1034)
	at org.jboss.seam.mock.AbstractSeamTest.startSeam(AbstractSeamTest.java:925)
	at org.jboss.seam.mock.SeamTest.startSeam(SeamTest.java:69)
	at sun.reflect.NativeMethodAccessorImpl.invoke0(Native Method)
	at sun.reflect.NativeMethodAccessorImpl.invoke(NativeMethodAccessorImpl.java:39)
	at sun.reflect.DelegatingMethodAccessorImpl.invoke(DelegatingMethodAccessorImpl.java:25)
	at java.lang.reflect.Method.invoke(Method.java:597)
	at org.testng.internal.MethodInvocationHelper.invokeMethod(MethodInvocationHelper.java:84)
	at org.testng.internal.Invoker.invokeConfigurationMethod(Invoker.java:564)
	at org.testng.internal.Invoker.invokeConfigurations(Invoker.java:213)
	at org.testng.internal.Invoker.invokeConfigurations(Invoker.java:138)
	at org.testng.SuiteRunner.privateRun(SuiteRunner.java:277)
	at org.testng.SuiteRunner.run(SuiteRunner.java:240)
	at org.testng.SuiteRunnerWorker.runSuite(SuiteRunnerWorker.java:52)
	at org.testng.SuiteRunnerWorker.run(SuiteRunnerWorker.java:86)
	at org.testng.TestNG.runSuitesSequentially(TestNG.java:1224)
	at org.testng.TestNG.runSuitesLocally(TestNG.java:1149)
	at org.testng.TestNG.run(TestNG.java:1057)
	at org.testng.remote.RemoteTestNG.run(RemoteTestNG.java:111)
	at org.testng.remote.RemoteTestNG.initAndRun(RemoteTestNG.java:204)
	at org.testng.remote.RemoteTestNG.main(RemoteTestNG.java:175)
]]>
    </failure>
  </testcase> <!-- @BeforeSuite startSeam -->
  <testcase name="@BeforeClass setupClass" time="0.0" classname="org.itsector.seamproject.session.CadastroTrechoTest">
    <skipped/>
  </testcase> <!-- @BeforeClass setupClass -->
  <testcase name="@BeforeMethod begin" time="0.0" classname="org.itsector.seamproject.session.CadastroTrechoTest">
    <skipped/>
  </testcase> <!-- @BeforeMethod begin -->
  <testcase name="@AfterMethod end" time="0.0" classname="org.itsector.seamproject.session.CadastroTrechoTest">
    <skipped/>
  </testcase> <!-- @AfterMethod end -->
  <testcase name="@AfterClass cleanupClass" time="0.0" classname="org.itsector.seamproject.session.CadastroTrechoTest">
    <skipped/>
  </testcase> <!-- @AfterClass cleanupClass -->
  <testcase name="testTrechoPodeSerCadastrado" time="0.0" classname="org.itsector.seamproject.session.CadastroTrechoTest">
    <skipped/>
  </testcase> <!-- testTrechoPodeSerCadastrado -->
</testsuite> <!-- Default test -->
